/usr/bin/python3.9 /home/szhou/Project/pycharm/tensorflow/train_main.py
--> resize images data...done -- time: 92.98s
--> start blur images regonition...done -- time: 53.65s
--> start leaves regonition...done -- time: 21.72s
--> start images classify...done -- time: 2.94s
--> tensorflow version 2.6.0
--> reading datasheet...done
--> creating tensorflow datasheet...done
--> preparing training model(MobileNetV2)...
WARNING:tensorflow:`input_shape` is undefined or non-square, or `rows` is not in [96, 128, 160, 192, 224]. Weights for input shape (224, 224) will be loaded as the default.
Model: "sequential"
_________________________________________________________________
Layer (type)                 Output Shape              Param #
=================================================================
mobilenetv2_1.00_224 (Functi (None, 8, 8, 1280)        2257984
_________________________________________________________________
global_average_pooling2d (Gl (None, 1280)              0
_________________________________________________________________
dense (Dense)                (None, 6)                 7686
=================================================================
Total params: 2,265,670
Trainable params: 7,686
Non-trainable params: 2,257,984
_________________________________________________________________
Epoch 1/250
25/25 [==============================] - 21s 707ms/step - loss: 1.6192 - accuracy: 0.4062 - val_loss: 0.9613 - val_accuracy: 0.7700
Epoch 2/250
25/25 [==============================] - 17s 689ms/step - loss: 1.2594 - accuracy: 0.5387 - val_loss: 0.9658 - val_accuracy: 0.6925
Epoch 3/250
25/25 [==============================] - 22s 903ms/step - loss: 1.1612 - accuracy: 0.5638 - val_loss: 0.8030 - val_accuracy: 0.7750
Epoch 4/250
25/25 [==============================] - 18s 731ms/step - loss: 1.0577 - accuracy: 0.6012 - val_loss: 0.9641 - val_accuracy: 0.6888
Epoch 5/250
25/25 [==============================] - 18s 728ms/step - loss: 0.9785 - accuracy: 0.6225 - val_loss: 0.8808 - val_accuracy: 0.7138
Epoch 6/250
25/25 [==============================] - 17s 686ms/step - loss: 0.9882 - accuracy: 0.6375 - val_loss: 0.6129 - val_accuracy: 0.8325
Epoch 7/250
25/25 [==============================] - 16s 671ms/step - loss: 0.9131 - accuracy: 0.6475 - val_loss: 0.7507 - val_accuracy: 0.7725
Epoch 8/250
25/25 [==============================] - 17s 687ms/step - loss: 0.9124 - accuracy: 0.6675 - val_loss: 0.7401 - val_accuracy: 0.7638
Epoch 9/250
25/25 [==============================] - 16s 659ms/step - loss: 0.8689 - accuracy: 0.6562 - val_loss: 0.6852 - val_accuracy: 0.7875
Epoch 10/250
25/25 [==============================] - 16s 645ms/step - loss: 0.8407 - accuracy: 0.6925 - val_loss: 0.6991 - val_accuracy: 0.7713
Epoch 11/250
25/25 [==============================] - 17s 678ms/step - loss: 0.8981 - accuracy: 0.6562 - val_loss: 0.8153 - val_accuracy: 0.7200
Epoch 12/250
25/25 [==============================] - 16s 645ms/step - loss: 0.8504 - accuracy: 0.6775 - val_loss: 0.6657 - val_accuracy: 0.7937
Epoch 13/250
25/25 [==============================] - 16s 662ms/step - loss: 0.8330 - accuracy: 0.6800 - val_loss: 0.5101 - val_accuracy: 0.8575
Epoch 14/250
25/25 [==============================] - 17s 695ms/step - loss: 0.8254 - accuracy: 0.6938 - val_loss: 0.6149 - val_accuracy: 0.8037
Epoch 15/250
25/25 [==============================] - 16s 655ms/step - loss: 0.7765 - accuracy: 0.7175 - val_loss: 0.6232 - val_accuracy: 0.8012
Epoch 16/250
25/25 [==============================] - 16s 669ms/step - loss: 0.7454 - accuracy: 0.7075 - val_loss: 0.5997 - val_accuracy: 0.8188
Epoch 17/250
25/25 [==============================] - 16s 661ms/step - loss: 0.8061 - accuracy: 0.6988 - val_loss: 0.7647 - val_accuracy: 0.7225
Epoch 18/250
25/25 [==============================] - 17s 694ms/step - loss: 0.8230 - accuracy: 0.6913 - val_loss: 0.7338 - val_accuracy: 0.7500
Epoch 19/250
25/25 [==============================] - 16s 668ms/step - loss: 0.7515 - accuracy: 0.7362 - val_loss: 0.5627 - val_accuracy: 0.8225
Epoch 20/250
25/25 [==============================] - 16s 651ms/step - loss: 0.7650 - accuracy: 0.7075 - val_loss: 0.5262 - val_accuracy: 0.8400
Epoch 21/250
25/25 [==============================] - 17s 687ms/step - loss: 0.7231 - accuracy: 0.7312 - val_loss: 0.4334 - val_accuracy: 0.8725
Epoch 22/250
25/25 [==============================] - 16s 652ms/step - loss: 0.7395 - accuracy: 0.7350 - val_loss: 0.5079 - val_accuracy: 0.8575
Epoch 23/250
25/25 [==============================] - 16s 657ms/step - loss: 0.7348 - accuracy: 0.7362 - val_loss: 0.6132 - val_accuracy: 0.8000
Epoch 24/250
25/25 [==============================] - 16s 648ms/step - loss: 0.7291 - accuracy: 0.7400 - val_loss: 0.5931 - val_accuracy: 0.8000
Epoch 25/250
25/25 [==============================] - 16s 668ms/step - loss: 0.7152 - accuracy: 0.7225 - val_loss: 0.6489 - val_accuracy: 0.7825
Epoch 26/250
25/25 [==============================] - 16s 652ms/step - loss: 0.6998 - accuracy: 0.7425 - val_loss: 0.5618 - val_accuracy: 0.8363
Epoch 27/250
25/25 [==============================] - 16s 664ms/step - loss: 0.6910 - accuracy: 0.7400 - val_loss: 0.5275 - val_accuracy: 0.8388
Epoch 28/250
25/25 [==============================] - 17s 688ms/step - loss: 0.6984 - accuracy: 0.7487 - val_loss: 0.4696 - val_accuracy: 0.8600
Epoch 29/250
25/25 [==============================] - 16s 675ms/step - loss: 0.6916 - accuracy: 0.7513 - val_loss: 0.4722 - val_accuracy: 0.8612
Epoch 30/250
25/25 [==============================] - 16s 658ms/step - loss: 0.7118 - accuracy: 0.7425 - val_loss: 0.4658 - val_accuracy: 0.8525
Epoch 31/250
25/25 [==============================] - 16s 651ms/step - loss: 0.6515 - accuracy: 0.7688 - val_loss: 0.5140 - val_accuracy: 0.8350
Epoch 32/250
25/25 [==============================] - 16s 658ms/step - loss: 0.6596 - accuracy: 0.7538 - val_loss: 0.4946 - val_accuracy: 0.8462
Epoch 33/250
25/25 [==============================] - 16s 661ms/step - loss: 0.6630 - accuracy: 0.7713 - val_loss: 0.7543 - val_accuracy: 0.7225
Epoch 34/250
25/25 [==============================] - 16s 668ms/step - loss: 0.6360 - accuracy: 0.7538 - val_loss: 0.5602 - val_accuracy: 0.8163
Epoch 35/250
25/25 [==============================] - 16s 664ms/step - loss: 0.6769 - accuracy: 0.7538 - val_loss: 0.5950 - val_accuracy: 0.7925
Epoch 36/250
25/25 [==============================] - 15s 628ms/step - loss: 0.6542 - accuracy: 0.7650 - val_loss: 0.3939 - val_accuracy: 0.8875
Epoch 37/250
25/25 [==============================] - 16s 658ms/step - loss: 0.6199 - accuracy: 0.7788 - val_loss: 0.5066 - val_accuracy: 0.8400
Epoch 38/250
25/25 [==============================] - 17s 688ms/step - loss: 0.6850 - accuracy: 0.7312 - val_loss: 0.5306 - val_accuracy: 0.8263
Epoch 39/250
25/25 [==============================] - 16s 643ms/step - loss: 0.5972 - accuracy: 0.7975 - val_loss: 0.4791 - val_accuracy: 0.8413
Epoch 40/250
25/25 [==============================] - 16s 669ms/step - loss: 0.5979 - accuracy: 0.8012 - val_loss: 0.4710 - val_accuracy: 0.8500
Epoch 41/250
25/25 [==============================] - 16s 646ms/step - loss: 0.6231 - accuracy: 0.7750 - val_loss: 0.5406 - val_accuracy: 0.8213
Epoch 42/250
25/25 [==============================] - 17s 693ms/step - loss: 0.6398 - accuracy: 0.7638 - val_loss: 0.4513 - val_accuracy: 0.8587
Epoch 43/250
25/25 [==============================] - 18s 726ms/step - loss: 0.5953 - accuracy: 0.7950 - val_loss: 0.4678 - val_accuracy: 0.8487
Epoch 44/250
25/25 [==============================] - 17s 693ms/step - loss: 0.6122 - accuracy: 0.8000 - val_loss: 0.4627 - val_accuracy: 0.8475
Epoch 45/250
25/25 [==============================] - 17s 686ms/step - loss: 0.6209 - accuracy: 0.7688 - val_loss: 0.5024 - val_accuracy: 0.8413
Epoch 46/250
25/25 [==============================] - 16s 667ms/step - loss: 0.6205 - accuracy: 0.7663 - val_loss: 0.6807 - val_accuracy: 0.7437
Epoch 47/250
25/25 [==============================] - 17s 679ms/step - loss: 0.5914 - accuracy: 0.7825 - val_loss: 0.4631 - val_accuracy: 0.8575
Epoch 48/250
25/25 [==============================] - 18s 722ms/step - loss: 0.5954 - accuracy: 0.7900 - val_loss: 0.5447 - val_accuracy: 0.8125
Epoch 49/250
25/25 [==============================] - 16s 665ms/step - loss: 0.6127 - accuracy: 0.7700 - val_loss: 0.4139 - val_accuracy: 0.8800
Epoch 50/250
25/25 [==============================] - 17s 673ms/step - loss: 0.6102 - accuracy: 0.7862 - val_loss: 0.3750 - val_accuracy: 0.8863
Epoch 51/250
25/25 [==============================] - 16s 659ms/step - loss: 0.5831 - accuracy: 0.7875 - val_loss: 0.3984 - val_accuracy: 0.8813
Epoch 52/250
25/25 [==============================] - 16s 672ms/step - loss: 0.5558 - accuracy: 0.8100 - val_loss: 0.4500 - val_accuracy: 0.8675
Epoch 53/250
25/25 [==============================] - 18s 722ms/step - loss: 0.5857 - accuracy: 0.7875 - val_loss: 0.4478 - val_accuracy: 0.8537
Epoch 54/250
25/25 [==============================] - 16s 667ms/step - loss: 0.5500 - accuracy: 0.8050 - val_loss: 0.4351 - val_accuracy: 0.8662
Epoch 55/250
25/25 [==============================] - 16s 661ms/step - loss: 0.5779 - accuracy: 0.8062 - val_loss: 0.4203 - val_accuracy: 0.8625
Epoch 56/250
25/25 [==============================] - 16s 670ms/step - loss: 0.5852 - accuracy: 0.7850 - val_loss: 0.5034 - val_accuracy: 0.8400
Epoch 57/250
25/25 [==============================] - 15s 630ms/step - loss: 0.5416 - accuracy: 0.8250 - val_loss: 0.3834 - val_accuracy: 0.8825
Epoch 58/250
25/25 [==============================] - 16s 656ms/step - loss: 0.5716 - accuracy: 0.8050 - val_loss: 0.3815 - val_accuracy: 0.8900
Epoch 59/250
25/25 [==============================] - 16s 639ms/step - loss: 0.5530 - accuracy: 0.8125 - val_loss: 0.6353 - val_accuracy: 0.7875
Epoch 60/250
25/25 [==============================] - 16s 642ms/step - loss: 0.5519 - accuracy: 0.7937 - val_loss: 0.3649 - val_accuracy: 0.8888
Epoch 61/250
25/25 [==============================] - 16s 640ms/step - loss: 0.5457 - accuracy: 0.8275 - val_loss: 0.4095 - val_accuracy: 0.8813
Epoch 62/250
25/25 [==============================] - 16s 636ms/step - loss: 0.5446 - accuracy: 0.8138 - val_loss: 0.5070 - val_accuracy: 0.8250
Epoch 63/250
25/25 [==============================] - 19s 760ms/step - loss: 0.5317 - accuracy: 0.8138 - val_loss: 0.3800 - val_accuracy: 0.8925
Epoch 64/250
25/25 [==============================] - 17s 690ms/step - loss: 0.5504 - accuracy: 0.8012 - val_loss: 0.5473 - val_accuracy: 0.8163
Epoch 65/250
25/25 [==============================] - 15s 631ms/step - loss: 0.5045 - accuracy: 0.8200 - val_loss: 0.5415 - val_accuracy: 0.8050
Epoch 66/250
25/25 [==============================] - 16s 652ms/step - loss: 0.5451 - accuracy: 0.8188 - val_loss: 0.3822 - val_accuracy: 0.8788
Epoch 67/250
25/25 [==============================] - 16s 650ms/step - loss: 0.5451 - accuracy: 0.8200 - val_loss: 0.4176 - val_accuracy: 0.8737
Epoch 68/250
25/25 [==============================] - 16s 657ms/step - loss: 0.4904 - accuracy: 0.8288 - val_loss: 0.5554 - val_accuracy: 0.7975
Epoch 69/250
25/25 [==============================] - 16s 653ms/step - loss: 0.5031 - accuracy: 0.8175 - val_loss: 0.4732 - val_accuracy: 0.8550
Epoch 70/250
25/25 [==============================] - 16s 643ms/step - loss: 0.5664 - accuracy: 0.8050 - val_loss: 0.5438 - val_accuracy: 0.7925
Epoch 71/250
25/25 [==============================] - 16s 647ms/step - loss: 0.5402 - accuracy: 0.7962 - val_loss: 0.3835 - val_accuracy: 0.8900
Epoch 72/250
25/25 [==============================] - 16s 657ms/step - loss: 0.4938 - accuracy: 0.8175 - val_loss: 0.3437 - val_accuracy: 0.8913
Epoch 73/250
25/25 [==============================] - 16s 639ms/step - loss: 0.5257 - accuracy: 0.8112 - val_loss: 0.2642 - val_accuracy: 0.9350
Epoch 74/250
25/25 [==============================] - 16s 665ms/step - loss: 0.5268 - accuracy: 0.8037 - val_loss: 0.4035 - val_accuracy: 0.8825
Epoch 75/250
25/25 [==============================] - 16s 649ms/step - loss: 0.4676 - accuracy: 0.8338 - val_loss: 0.4454 - val_accuracy: 0.8525
Epoch 76/250
25/25 [==============================] - 16s 644ms/step - loss: 0.4790 - accuracy: 0.8200 - val_loss: 0.2916 - val_accuracy: 0.9262
Epoch 77/250
25/25 [==============================] - 16s 642ms/step - loss: 0.5318 - accuracy: 0.8075 - val_loss: 0.4090 - val_accuracy: 0.8687
Epoch 78/250
25/25 [==============================] - 16s 642ms/step - loss: 0.5125 - accuracy: 0.8263 - val_loss: 0.3871 - val_accuracy: 0.8900
Epoch 79/250
25/25 [==============================] - 16s 654ms/step - loss: 0.4915 - accuracy: 0.8400 - val_loss: 0.3347 - val_accuracy: 0.9100
Epoch 80/250
25/25 [==============================] - 16s 655ms/step - loss: 0.4705 - accuracy: 0.8400 - val_loss: 0.3471 - val_accuracy: 0.8900
Epoch 81/250
25/25 [==============================] - 16s 655ms/step - loss: 0.5039 - accuracy: 0.8200 - val_loss: 0.4210 - val_accuracy: 0.8625
Epoch 82/250
25/25 [==============================] - 16s 650ms/step - loss: 0.4433 - accuracy: 0.8500 - val_loss: 0.3428 - val_accuracy: 0.9050
Epoch 83/250
25/25 [==============================] - 16s 637ms/step - loss: 0.5131 - accuracy: 0.8062 - val_loss: 0.3599 - val_accuracy: 0.8950
Epoch 84/250
25/25 [==============================] - 15s 631ms/step - loss: 0.4897 - accuracy: 0.8462 - val_loss: 0.4497 - val_accuracy: 0.8500
Epoch 85/250
25/25 [==============================] - 16s 656ms/step - loss: 0.4852 - accuracy: 0.8525 - val_loss: 0.3610 - val_accuracy: 0.8963
Epoch 86/250
25/25 [==============================] - 17s 700ms/step - loss: 0.4838 - accuracy: 0.8350 - val_loss: 0.3293 - val_accuracy: 0.9038
Epoch 87/250
25/25 [==============================] - 17s 684ms/step - loss: 0.4652 - accuracy: 0.8450 - val_loss: 0.2953 - val_accuracy: 0.9212
Epoch 88/250
25/25 [==============================] - 16s 676ms/step - loss: 0.4560 - accuracy: 0.8587 - val_loss: 0.3814 - val_accuracy: 0.8900
Epoch 89/250
25/25 [==============================] - 16s 662ms/step - loss: 0.4527 - accuracy: 0.8500 - val_loss: 0.3282 - val_accuracy: 0.9100
Epoch 90/250
25/25 [==============================] - 16s 660ms/step - loss: 0.4768 - accuracy: 0.8400 - val_loss: 0.3785 - val_accuracy: 0.8938
Epoch 91/250
25/25 [==============================] - 17s 690ms/step - loss: 0.4518 - accuracy: 0.8425 - val_loss: 0.3382 - val_accuracy: 0.9038
Epoch 92/250
25/25 [==============================] - 16s 663ms/step - loss: 0.4736 - accuracy: 0.8363 - val_loss: 0.3157 - val_accuracy: 0.9187
Epoch 93/250
25/25 [==============================] - 16s 652ms/step - loss: 0.4464 - accuracy: 0.8375 - val_loss: 0.4938 - val_accuracy: 0.8225
Epoch 94/250
25/25 [==============================] - 16s 651ms/step - loss: 0.4369 - accuracy: 0.8712 - val_loss: 0.4374 - val_accuracy: 0.8587
Epoch 95/250
25/25 [==============================] - 15s 634ms/step - loss: 0.4598 - accuracy: 0.8575 - val_loss: 0.3217 - val_accuracy: 0.9112
Epoch 96/250
25/25 [==============================] - 16s 658ms/step - loss: 0.4815 - accuracy: 0.8400 - val_loss: 0.4709 - val_accuracy: 0.8400
Epoch 97/250
25/25 [==============================] - 16s 646ms/step - loss: 0.4612 - accuracy: 0.8313 - val_loss: 0.3169 - val_accuracy: 0.9112
Epoch 98/250
25/25 [==============================] - 16s 672ms/step - loss: 0.4203 - accuracy: 0.8562 - val_loss: 0.3369 - val_accuracy: 0.9050
Epoch 99/250
25/25 [==============================] - 16s 645ms/step - loss: 0.4685 - accuracy: 0.8413 - val_loss: 0.3266 - val_accuracy: 0.9050
Epoch 100/250
25/25 [==============================] - 16s 652ms/step - loss: 0.4447 - accuracy: 0.8512 - val_loss: 0.3502 - val_accuracy: 0.9062
Epoch 101/250
25/25 [==============================] - 16s 655ms/step - loss: 0.4514 - accuracy: 0.8475 - val_loss: 0.3469 - val_accuracy: 0.8950
Epoch 102/250
25/25 [==============================] - 16s 656ms/step - loss: 0.4321 - accuracy: 0.8450 - val_loss: 0.3619 - val_accuracy: 0.8900
Epoch 103/250
25/25 [==============================] - 16s 645ms/step - loss: 0.4276 - accuracy: 0.8625 - val_loss: 0.4176 - val_accuracy: 0.8700
Epoch 104/250
25/25 [==============================] - 16s 653ms/step - loss: 0.4356 - accuracy: 0.8475 - val_loss: 0.2986 - val_accuracy: 0.9237
Epoch 105/250
25/25 [==============================] - 16s 660ms/step - loss: 0.4662 - accuracy: 0.8388 - val_loss: 0.2105 - val_accuracy: 0.9525
Epoch 106/250
25/25 [==============================] - 16s 660ms/step - loss: 0.4316 - accuracy: 0.8637 - val_loss: 0.4097 - val_accuracy: 0.8725
Epoch 107/250
25/25 [==============================] - 16s 641ms/step - loss: 0.3802 - accuracy: 0.8863 - val_loss: 0.2987 - val_accuracy: 0.9200
Epoch 108/250
25/25 [==============================] - 16s 648ms/step - loss: 0.4394 - accuracy: 0.8550 - val_loss: 0.2836 - val_accuracy: 0.9287
Epoch 109/250
25/25 [==============================] - 16s 651ms/step - loss: 0.4498 - accuracy: 0.8425 - val_loss: 0.2646 - val_accuracy: 0.9362
Epoch 110/250
25/25 [==============================] - 16s 650ms/step - loss: 0.4256 - accuracy: 0.8600 - val_loss: 0.3200 - val_accuracy: 0.9150
Epoch 111/250
25/25 [==============================] - 16s 652ms/step - loss: 0.4352 - accuracy: 0.8675 - val_loss: 0.3019 - val_accuracy: 0.9187
Epoch 112/250
25/25 [==============================] - 16s 649ms/step - loss: 0.3954 - accuracy: 0.8763 - val_loss: 0.2917 - val_accuracy: 0.9287
Epoch 113/250
25/25 [==============================] - 16s 647ms/step - loss: 0.4191 - accuracy: 0.8750 - val_loss: 0.2930 - val_accuracy: 0.9250
Epoch 114/250
25/25 [==============================] - 16s 649ms/step - loss: 0.4195 - accuracy: 0.8587 - val_loss: 0.2830 - val_accuracy: 0.9250
Epoch 115/250
25/25 [==============================] - 16s 670ms/step - loss: 0.4080 - accuracy: 0.8725 - val_loss: 0.2873 - val_accuracy: 0.9312
Epoch 116/250
25/25 [==============================] - 16s 639ms/step - loss: 0.4050 - accuracy: 0.8800 - val_loss: 0.4381 - val_accuracy: 0.8575
Epoch 117/250
25/25 [==============================] - 16s 652ms/step - loss: 0.4086 - accuracy: 0.8612 - val_loss: 0.3805 - val_accuracy: 0.8925
Epoch 118/250
25/25 [==============================] - 16s 672ms/step - loss: 0.4112 - accuracy: 0.8700 - val_loss: 0.3661 - val_accuracy: 0.8925
Epoch 119/250
25/25 [==============================] - 16s 639ms/step - loss: 0.4210 - accuracy: 0.8725 - val_loss: 0.2869 - val_accuracy: 0.9250
Epoch 120/250
25/25 [==============================] - 16s 639ms/step - loss: 0.3919 - accuracy: 0.8800 - val_loss: 0.2853 - val_accuracy: 0.9225
Epoch 121/250
25/25 [==============================] - 16s 651ms/step - loss: 0.4011 - accuracy: 0.8737 - val_loss: 0.2687 - val_accuracy: 0.9275
Epoch 122/250
25/25 [==============================] - 16s 659ms/step - loss: 0.4041 - accuracy: 0.8800 - val_loss: 0.2284 - val_accuracy: 0.9500
Epoch 123/250
25/25 [==============================] - 16s 652ms/step - loss: 0.4021 - accuracy: 0.8737 - val_loss: 0.2870 - val_accuracy: 0.9262
Epoch 124/250
25/25 [==============================] - 16s 666ms/step - loss: 0.3747 - accuracy: 0.8875 - val_loss: 0.2808 - val_accuracy: 0.9287
Epoch 125/250
25/25 [==============================] - 16s 651ms/step - loss: 0.3925 - accuracy: 0.8813 - val_loss: 0.3591 - val_accuracy: 0.8988
Epoch 126/250
25/25 [==============================] - 15s 631ms/step - loss: 0.4121 - accuracy: 0.8612 - val_loss: 0.2846 - val_accuracy: 0.9200
Epoch 127/250
25/25 [==============================] - 16s 647ms/step - loss: 0.4086 - accuracy: 0.8662 - val_loss: 0.2713 - val_accuracy: 0.9375
Epoch 128/250
25/25 [==============================] - 15s 606ms/step - loss: 0.3744 - accuracy: 0.8900 - val_loss: 0.2679 - val_accuracy: 0.9337
Epoch 129/250
25/25 [==============================] - 16s 660ms/step - loss: 0.3790 - accuracy: 0.8800 - val_loss: 0.3043 - val_accuracy: 0.9137
Epoch 130/250
25/25 [==============================] - 16s 655ms/step - loss: 0.3962 - accuracy: 0.8838 - val_loss: 0.3456 - val_accuracy: 0.9000
Epoch 131/250
25/25 [==============================] - 16s 659ms/step - loss: 0.3886 - accuracy: 0.8825 - val_loss: 0.2703 - val_accuracy: 0.9337
Epoch 132/250
25/25 [==============================] - 16s 650ms/step - loss: 0.4048 - accuracy: 0.8737 - val_loss: 0.2902 - val_accuracy: 0.9250
Epoch 133/250
25/25 [==============================] - 16s 647ms/step - loss: 0.3805 - accuracy: 0.8763 - val_loss: 0.2584 - val_accuracy: 0.9400
Epoch 134/250
25/25 [==============================] - 16s 656ms/step - loss: 0.3736 - accuracy: 0.8875 - val_loss: 0.2927 - val_accuracy: 0.9262
Epoch 135/250
25/25 [==============================] - 16s 645ms/step - loss: 0.3776 - accuracy: 0.8863 - val_loss: 0.3237 - val_accuracy: 0.9100
Epoch 136/250
25/25 [==============================] - 16s 655ms/step - loss: 0.3667 - accuracy: 0.8737 - val_loss: 0.2388 - val_accuracy: 0.9450
Epoch 137/250
25/25 [==============================] - 16s 652ms/step - loss: 0.3846 - accuracy: 0.8788 - val_loss: 0.2289 - val_accuracy: 0.9475
Epoch 138/250
25/25 [==============================] - 16s 650ms/step - loss: 0.3505 - accuracy: 0.9062 - val_loss: 0.3141 - val_accuracy: 0.9125
Epoch 139/250
25/25 [==============================] - 16s 656ms/step - loss: 0.3693 - accuracy: 0.8800 - val_loss: 0.2219 - val_accuracy: 0.9463
Epoch 140/250
25/25 [==============================] - 16s 649ms/step - loss: 0.3649 - accuracy: 0.8925 - val_loss: 0.2505 - val_accuracy: 0.9400
Epoch 141/250
25/25 [==============================] - 16s 652ms/step - loss: 0.3731 - accuracy: 0.8888 - val_loss: 0.2741 - val_accuracy: 0.9337
Epoch 142/250
25/25 [==============================] - 16s 638ms/step - loss: 0.3912 - accuracy: 0.8788 - val_loss: 0.2572 - val_accuracy: 0.9337
Epoch 143/250
25/25 [==============================] - 15s 631ms/step - loss: 0.3675 - accuracy: 0.8938 - val_loss: 0.2493 - val_accuracy: 0.9388
Epoch 144/250
25/25 [==============================] - 16s 642ms/step - loss: 0.3779 - accuracy: 0.8813 - val_loss: 0.2683 - val_accuracy: 0.9350
Epoch 145/250
25/25 [==============================] - 16s 643ms/step - loss: 0.3343 - accuracy: 0.9137 - val_loss: 0.1968 - val_accuracy: 0.9575
Epoch 146/250
25/25 [==============================] - 16s 649ms/step - loss: 0.3389 - accuracy: 0.8938 - val_loss: 0.2604 - val_accuracy: 0.9350
Epoch 147/250
25/25 [==============================] - 16s 653ms/step - loss: 0.3863 - accuracy: 0.8775 - val_loss: 0.3155 - val_accuracy: 0.9112
Epoch 148/250
25/25 [==============================] - 16s 638ms/step - loss: 0.3509 - accuracy: 0.8950 - val_loss: 0.1845 - val_accuracy: 0.9588
Epoch 149/250
25/25 [==============================] - 16s 676ms/step - loss: 0.3740 - accuracy: 0.8763 - val_loss: 0.3030 - val_accuracy: 0.9175
Epoch 150/250
25/25 [==============================] - 16s 645ms/step - loss: 0.3488 - accuracy: 0.8975 - val_loss: 0.2806 - val_accuracy: 0.9237
Epoch 151/250
25/25 [==============================] - 16s 646ms/step - loss: 0.3695 - accuracy: 0.8913 - val_loss: 0.2678 - val_accuracy: 0.9312
Epoch 152/250
25/25 [==============================] - 16s 664ms/step - loss: 0.3429 - accuracy: 0.9000 - val_loss: 0.2498 - val_accuracy: 0.9400
Epoch 153/250
25/25 [==============================] - 15s 632ms/step - loss: 0.3226 - accuracy: 0.9175 - val_loss: 0.2453 - val_accuracy: 0.9388
Epoch 154/250
25/25 [==============================] - 16s 655ms/step - loss: 0.3568 - accuracy: 0.8900 - val_loss: 0.2461 - val_accuracy: 0.9425
Epoch 155/250
25/25 [==============================] - 15s 627ms/step - loss: 0.3882 - accuracy: 0.8763 - val_loss: 0.2877 - val_accuracy: 0.9237
Epoch 156/250
25/25 [==============================] - 16s 643ms/step - loss: 0.3358 - accuracy: 0.9050 - val_loss: 0.2106 - val_accuracy: 0.9588
Epoch 157/250
25/25 [==============================] - 16s 644ms/step - loss: 0.3250 - accuracy: 0.9062 - val_loss: 0.2518 - val_accuracy: 0.9413
Epoch 158/250
25/25 [==============================] - 16s 664ms/step - loss: 0.3645 - accuracy: 0.9062 - val_loss: 0.2155 - val_accuracy: 0.9575
Epoch 159/250
25/25 [==============================] - 16s 646ms/step - loss: 0.3693 - accuracy: 0.8725 - val_loss: 0.3470 - val_accuracy: 0.8950
Epoch 160/250
25/25 [==============================] - 16s 640ms/step - loss: 0.3067 - accuracy: 0.9212 - val_loss: 0.1970 - val_accuracy: 0.9525
Epoch 161/250
25/25 [==============================] - 16s 641ms/step - loss: 0.3380 - accuracy: 0.9013 - val_loss: 0.2715 - val_accuracy: 0.9200
Epoch 162/250
25/25 [==============================] - 16s 655ms/step - loss: 0.3650 - accuracy: 0.8913 - val_loss: 0.2196 - val_accuracy: 0.9513
Epoch 163/250
25/25 [==============================] - 16s 640ms/step - loss: 0.3521 - accuracy: 0.8950 - val_loss: 0.2468 - val_accuracy: 0.9425
Epoch 164/250
25/25 [==============================] - 16s 647ms/step - loss: 0.3420 - accuracy: 0.8900 - val_loss: 0.1979 - val_accuracy: 0.9638
Epoch 165/250
25/25 [==============================] - 16s 657ms/step - loss: 0.3285 - accuracy: 0.9000 - val_loss: 0.2833 - val_accuracy: 0.9275
Epoch 166/250
25/25 [==============================] - 16s 653ms/step - loss: 0.3414 - accuracy: 0.8938 - val_loss: 0.2766 - val_accuracy: 0.9275
Epoch 167/250
25/25 [==============================] - 16s 659ms/step - loss: 0.3143 - accuracy: 0.9100 - val_loss: 0.2699 - val_accuracy: 0.9350
Epoch 168/250
25/25 [==============================] - 16s 643ms/step - loss: 0.3112 - accuracy: 0.9250 - val_loss: 0.1921 - val_accuracy: 0.9613
Epoch 169/250
25/25 [==============================] - 16s 660ms/step - loss: 0.3418 - accuracy: 0.8900 - val_loss: 0.1989 - val_accuracy: 0.9588
Epoch 170/250
25/25 [==============================] - 16s 657ms/step - loss: 0.3523 - accuracy: 0.8963 - val_loss: 0.1526 - val_accuracy: 0.9775
Epoch 171/250
25/25 [==============================] - 16s 655ms/step - loss: 0.3217 - accuracy: 0.9137 - val_loss: 0.2326 - val_accuracy: 0.9438
Epoch 172/250
25/25 [==============================] - 16s 662ms/step - loss: 0.3153 - accuracy: 0.9050 - val_loss: 0.2986 - val_accuracy: 0.9225
Epoch 173/250
25/25 [==============================] - 15s 630ms/step - loss: 0.3290 - accuracy: 0.8988 - val_loss: 0.2953 - val_accuracy: 0.9212
Epoch 174/250
25/25 [==============================] - 16s 661ms/step - loss: 0.3231 - accuracy: 0.9162 - val_loss: 0.2936 - val_accuracy: 0.9250
Epoch 175/250
25/25 [==============================] - 16s 663ms/step - loss: 0.2915 - accuracy: 0.9175 - val_loss: 0.2819 - val_accuracy: 0.9237
Epoch 176/250
25/25 [==============================] - 16s 658ms/step - loss: 0.3382 - accuracy: 0.9025 - val_loss: 0.2008 - val_accuracy: 0.9638
Epoch 177/250
25/25 [==============================] - 16s 645ms/step - loss: 0.3196 - accuracy: 0.9050 - val_loss: 0.2415 - val_accuracy: 0.9438
Epoch 178/250
25/25 [==============================] - 16s 653ms/step - loss: 0.2943 - accuracy: 0.9100 - val_loss: 0.3079 - val_accuracy: 0.9162
Epoch 179/250
25/25 [==============================] - 16s 646ms/step - loss: 0.3127 - accuracy: 0.9237 - val_loss: 0.2485 - val_accuracy: 0.9350
Epoch 180/250
25/25 [==============================] - 16s 640ms/step - loss: 0.3531 - accuracy: 0.8875 - val_loss: 0.2116 - val_accuracy: 0.9525
Epoch 181/250
25/25 [==============================] - 16s 661ms/step - loss: 0.2966 - accuracy: 0.9262 - val_loss: 0.2236 - val_accuracy: 0.9525
Epoch 182/250
25/25 [==============================] - 16s 655ms/step - loss: 0.3186 - accuracy: 0.9112 - val_loss: 0.2151 - val_accuracy: 0.9475
Epoch 183/250
25/25 [==============================] - 16s 658ms/step - loss: 0.3000 - accuracy: 0.9137 - val_loss: 0.1946 - val_accuracy: 0.9563
Epoch 184/250
25/25 [==============================] - 16s 656ms/step - loss: 0.3204 - accuracy: 0.9075 - val_loss: 0.2572 - val_accuracy: 0.9325
Epoch 185/250
25/25 [==============================] - 16s 637ms/step - loss: 0.2954 - accuracy: 0.9325 - val_loss: 0.2789 - val_accuracy: 0.9337
Epoch 186/250
25/25 [==============================] - 16s 672ms/step - loss: 0.3243 - accuracy: 0.8963 - val_loss: 0.2579 - val_accuracy: 0.9187
Epoch 187/250
25/25 [==============================] - 16s 647ms/step - loss: 0.3139 - accuracy: 0.9087 - val_loss: 0.2346 - val_accuracy: 0.9475
Epoch 188/250
25/25 [==============================] - 15s 628ms/step - loss: 0.3147 - accuracy: 0.9100 - val_loss: 0.2362 - val_accuracy: 0.9400
Epoch 189/250
25/25 [==============================] - 15s 634ms/step - loss: 0.2955 - accuracy: 0.9200 - val_loss: 0.1732 - val_accuracy: 0.9700
Epoch 190/250
25/25 [==============================] - 16s 640ms/step - loss: 0.3228 - accuracy: 0.9087 - val_loss: 0.1709 - val_accuracy: 0.9675
Epoch 191/250
25/25 [==============================] - 16s 650ms/step - loss: 0.3092 - accuracy: 0.9062 - val_loss: 0.2289 - val_accuracy: 0.9525
Epoch 192/250
25/25 [==============================] - 16s 651ms/step - loss: 0.3027 - accuracy: 0.9287 - val_loss: 0.1700 - val_accuracy: 0.9712
Epoch 193/250
25/25 [==============================] - 16s 647ms/step - loss: 0.2784 - accuracy: 0.9262 - val_loss: 0.2063 - val_accuracy: 0.9575
Epoch 194/250
25/25 [==============================] - 16s 639ms/step - loss: 0.3144 - accuracy: 0.9087 - val_loss: 0.1941 - val_accuracy: 0.9600
Epoch 195/250
25/25 [==============================] - 16s 661ms/step - loss: 0.2891 - accuracy: 0.9262 - val_loss: 0.2171 - val_accuracy: 0.9513
Epoch 196/250
25/25 [==============================] - 16s 655ms/step - loss: 0.2987 - accuracy: 0.9312 - val_loss: 0.1856 - val_accuracy: 0.9625
Epoch 197/250
25/25 [==============================] - 16s 641ms/step - loss: 0.2960 - accuracy: 0.9237 - val_loss: 0.1887 - val_accuracy: 0.9613
Epoch 198/250
25/25 [==============================] - 16s 659ms/step - loss: 0.2970 - accuracy: 0.9212 - val_loss: 0.2297 - val_accuracy: 0.9538
Epoch 199/250
25/25 [==============================] - 16s 662ms/step - loss: 0.3045 - accuracy: 0.9287 - val_loss: 0.1779 - val_accuracy: 0.9688
Epoch 200/250
25/25 [==============================] - 16s 651ms/step - loss: 0.2928 - accuracy: 0.9212 - val_loss: 0.2558 - val_accuracy: 0.9350
Epoch 201/250
25/25 [==============================] - 16s 641ms/step - loss: 0.2668 - accuracy: 0.9337 - val_loss: 0.2194 - val_accuracy: 0.9475
Epoch 202/250
25/25 [==============================] - 16s 635ms/step - loss: 0.2998 - accuracy: 0.9212 - val_loss: 0.1439 - val_accuracy: 0.9812
Epoch 203/250
25/25 [==============================] - 15s 633ms/step - loss: 0.2864 - accuracy: 0.9225 - val_loss: 0.2407 - val_accuracy: 0.9475
Epoch 204/250
25/25 [==============================] - 16s 645ms/step - loss: 0.3121 - accuracy: 0.9112 - val_loss: 0.2598 - val_accuracy: 0.9312
Epoch 205/250
25/25 [==============================] - 16s 659ms/step - loss: 0.2924 - accuracy: 0.9175 - val_loss: 0.2508 - val_accuracy: 0.9388
Epoch 206/250
25/25 [==============================] - 16s 652ms/step - loss: 0.2721 - accuracy: 0.9463 - val_loss: 0.2431 - val_accuracy: 0.9450
Epoch 207/250
25/25 [==============================] - 16s 656ms/step - loss: 0.2872 - accuracy: 0.9275 - val_loss: 0.2462 - val_accuracy: 0.9400
Epoch 208/250
25/25 [==============================] - 16s 671ms/step - loss: 0.2976 - accuracy: 0.9100 - val_loss: 0.1629 - val_accuracy: 0.9712
Epoch 209/250
25/25 [==============================] - 16s 652ms/step - loss: 0.2732 - accuracy: 0.9325 - val_loss: 0.2228 - val_accuracy: 0.9500
Epoch 210/250
25/25 [==============================] - 16s 657ms/step - loss: 0.2626 - accuracy: 0.9400 - val_loss: 0.1913 - val_accuracy: 0.9613
Epoch 211/250
25/25 [==============================] - 16s 643ms/step - loss: 0.3045 - accuracy: 0.9212 - val_loss: 0.2015 - val_accuracy: 0.9563
Epoch 212/250
25/25 [==============================] - 16s 648ms/step - loss: 0.2934 - accuracy: 0.9237 - val_loss: 0.1929 - val_accuracy: 0.9600
Epoch 213/250
25/25 [==============================] - 16s 635ms/step - loss: 0.2643 - accuracy: 0.9237 - val_loss: 0.1830 - val_accuracy: 0.9675
Epoch 214/250
25/25 [==============================] - 16s 662ms/step - loss: 0.2904 - accuracy: 0.9250 - val_loss: 0.2238 - val_accuracy: 0.9525
Epoch 215/250
25/25 [==============================] - 16s 663ms/step - loss: 0.2980 - accuracy: 0.9150 - val_loss: 0.2315 - val_accuracy: 0.9475
Epoch 216/250
25/25 [==============================] - 16s 650ms/step - loss: 0.2654 - accuracy: 0.9325 - val_loss: 0.1801 - val_accuracy: 0.9663
Epoch 217/250
25/25 [==============================] - 16s 671ms/step - loss: 0.2667 - accuracy: 0.9388 - val_loss: 0.1296 - val_accuracy: 0.9812
Epoch 218/250
25/25 [==============================] - 16s 640ms/step - loss: 0.2684 - accuracy: 0.9237 - val_loss: 0.1690 - val_accuracy: 0.9712
Epoch 219/250
25/25 [==============================] - 16s 653ms/step - loss: 0.2878 - accuracy: 0.9312 - val_loss: 0.1701 - val_accuracy: 0.9675
Epoch 220/250
25/25 [==============================] - 16s 647ms/step - loss: 0.2662 - accuracy: 0.9350 - val_loss: 0.2309 - val_accuracy: 0.9450
Epoch 221/250
25/25 [==============================] - 16s 636ms/step - loss: 0.2639 - accuracy: 0.9287 - val_loss: 0.2105 - val_accuracy: 0.9525
Epoch 222/250
25/25 [==============================] - 16s 634ms/step - loss: 0.2880 - accuracy: 0.9312 - val_loss: 0.1805 - val_accuracy: 0.9613
Epoch 223/250
25/25 [==============================] - 16s 649ms/step - loss: 0.2659 - accuracy: 0.9388 - val_loss: 0.1749 - val_accuracy: 0.9688
Epoch 224/250
25/25 [==============================] - 16s 641ms/step - loss: 0.2864 - accuracy: 0.9275 - val_loss: 0.2545 - val_accuracy: 0.9413
Epoch 225/250
25/25 [==============================] - 16s 639ms/step - loss: 0.2835 - accuracy: 0.9287 - val_loss: 0.1605 - val_accuracy: 0.9775
Epoch 226/250
25/25 [==============================] - 16s 651ms/step - loss: 0.2502 - accuracy: 0.9388 - val_loss: 0.1822 - val_accuracy: 0.9663
Epoch 227/250
25/25 [==============================] - 16s 661ms/step - loss: 0.2686 - accuracy: 0.9350 - val_loss: 0.2678 - val_accuracy: 0.9362
Epoch 228/250
25/25 [==============================] - 16s 644ms/step - loss: 0.2764 - accuracy: 0.9337 - val_loss: 0.1715 - val_accuracy: 0.9638
Epoch 229/250
25/25 [==============================] - 16s 662ms/step - loss: 0.2518 - accuracy: 0.9388 - val_loss: 0.1794 - val_accuracy: 0.9600
Epoch 230/250
25/25 [==============================] - 16s 661ms/step - loss: 0.2772 - accuracy: 0.9325 - val_loss: 0.1898 - val_accuracy: 0.9625
Epoch 231/250
25/25 [==============================] - 16s 659ms/step - loss: 0.2522 - accuracy: 0.9450 - val_loss: 0.1495 - val_accuracy: 0.9750
Epoch 232/250
25/25 [==============================] - 16s 657ms/step - loss: 0.2595 - accuracy: 0.9350 - val_loss: 0.1657 - val_accuracy: 0.9688
Epoch 233/250
25/25 [==============================] - 16s 651ms/step - loss: 0.2665 - accuracy: 0.9300 - val_loss: 0.2287 - val_accuracy: 0.9463
Epoch 234/250
25/25 [==============================] - 15s 630ms/step - loss: 0.2625 - accuracy: 0.9300 - val_loss: 0.1911 - val_accuracy: 0.9600
Epoch 235/250
25/25 [==============================] - 16s 649ms/step - loss: 0.2661 - accuracy: 0.9413 - val_loss: 0.1590 - val_accuracy: 0.9762
Epoch 236/250
25/25 [==============================] - 16s 655ms/step - loss: 0.2435 - accuracy: 0.9475 - val_loss: 0.1863 - val_accuracy: 0.9688
Epoch 237/250
25/25 [==============================] - 16s 643ms/step - loss: 0.2526 - accuracy: 0.9450 - val_loss: 0.1546 - val_accuracy: 0.9737
Epoch 238/250
25/25 [==============================] - 15s 629ms/step - loss: 0.2532 - accuracy: 0.9438 - val_loss: 0.2107 - val_accuracy: 0.9563
Epoch 239/250
25/25 [==============================] - 15s 628ms/step - loss: 0.2532 - accuracy: 0.9450 - val_loss: 0.1939 - val_accuracy: 0.9663
Epoch 240/250
25/25 [==============================] - 16s 636ms/step - loss: 0.2684 - accuracy: 0.9275 - val_loss: 0.1275 - val_accuracy: 0.9825
Epoch 241/250
25/25 [==============================] - 17s 677ms/step - loss: 0.2602 - accuracy: 0.9312 - val_loss: 0.1880 - val_accuracy: 0.9600
Epoch 242/250
25/25 [==============================] - 16s 642ms/step - loss: 0.2410 - accuracy: 0.9525 - val_loss: 0.2452 - val_accuracy: 0.9425
Epoch 243/250
25/25 [==============================] - 16s 652ms/step - loss: 0.2585 - accuracy: 0.9375 - val_loss: 0.1426 - val_accuracy: 0.9837
Epoch 244/250
25/25 [==============================] - 16s 643ms/step - loss: 0.2502 - accuracy: 0.9425 - val_loss: 0.1984 - val_accuracy: 0.9588
Epoch 245/250
25/25 [==============================] - 16s 669ms/step - loss: 0.2482 - accuracy: 0.9513 - val_loss: 0.1648 - val_accuracy: 0.9688
Epoch 246/250
25/25 [==============================] - 16s 670ms/step - loss: 0.2230 - accuracy: 0.9488 - val_loss: 0.1677 - val_accuracy: 0.9737
Epoch 247/250
25/25 [==============================] - 16s 656ms/step - loss: 0.2624 - accuracy: 0.9388 - val_loss: 0.1435 - val_accuracy: 0.9812
Epoch 248/250
25/25 [==============================] - 16s 666ms/step - loss: 0.2719 - accuracy: 0.9425 - val_loss: 0.1550 - val_accuracy: 0.9762
Epoch 249/250
25/25 [==============================] - 16s 632ms/step - loss: 0.2422 - accuracy: 0.9463 - val_loss: 0.1530 - val_accuracy: 0.9750
Epoch 250/250
25/25 [==============================] - 16s 653ms/step - loss: 0.2405 - accuracy: 0.9525 - val_loss: 0.1854 - val_accuracy: 0.9638
--> saving output model...
/usr/lib/python3.9/site-packages/keras/utils/generic_utils.py:494: CustomMaskWarning: Custom mask layers require a config and must override get_config. When loading, the custom mask layer must be passed to the custom_objects argument.
  warnings.warn('Custom mask layers require a config and must override '
